>>>>>>>LOG4J<<<<<<< 0 2015-05-12 03:48:21,187 ERROR [com.train.auction.dao.impl.mongo.AuctionUserDaoMongo] - start to valid user in mongodb
>>>>>>>LOG4J<<<<<<< 279248 2015-05-12 03:53:00,435 ERROR [com.train.auction.dao.impl.mongo.AuctionUserDaoMongo] - start to valid user in mongodb
>>>>>>>LOG4J<<<<<<< 279254 2015-05-12 03:53:00,441 ERROR [com.train.auction.dao.impl.mongo.AuctionUserDaoMongo] - get valid user:tomcat
>>>>>>>LOG4J<<<<<<< 0 2015-05-12 11:39:09,386 ERROR [com.train.auction.dao.impl.mongo.AuctionUserDaoMongo] - start to valid user in mongodb
>>>>>>>LOG4J<<<<<<< 31 2015-05-12 11:39:09,417 ERROR [com.train.auction.dao.impl.mongo.AuctionUserDaoMongo] - get valid user:tomcat
>>>>>>>LOG4J<<<<<<< 0 2015-05-12 13:09:23,348 ERROR [com.train.auction.dao.impl.mongo.AuctionUserDaoMongo] - start to valid user in mongodb
>>>>>>>LOG4J<<<<<<< 15 2015-05-12 13:09:23,363 ERROR [com.train.auction.dao.impl.mongo.AuctionUserDaoMongo] - Query failed with error code 10057 and error message 'unauthorized db:auction ns:auction.auctionUser lock type:0 client:127.0.0.1' on server localhost:27017; nested exception is com.mongodb.MongoQueryException: Query failed with error code 10057 and error message 'unauthorized db:auction ns:auction.auctionUser lock type:0 client:127.0.0.1' on server localhost:27017
>>>>>>>LOG4J<<<<<<< 1 2015-05-12 13:13:42,886 ERROR [com.train.auction.dao.impl.mongo.AuctionUserDaoMongo] - start to valid user in mongodb
>>>>>>>LOG4J<<<<<<< 14 2015-05-12 13:13:42,899 ERROR [com.train.auction.dao.impl.mongo.AuctionUserDaoMongo] - Query failed with error code 10057 and error message 'unauthorized db:auction ns:auction.auctionUser lock type:0 client:127.0.0.1' on server localhost:27017; nested exception is com.mongodb.MongoQueryException: Query failed with error code 10057 and error message 'unauthorized db:auction ns:auction.auctionUser lock type:0 client:127.0.0.1' on server localhost:27017
>>>>>>>LOG4J<<<<<<< 0 2015-05-12 13:25:46,212 ERROR [com.train.auction.dao.impl.mongo.AuctionUserDaoMongo] - start to valid user in mongodb
>>>>>>>LOG4J<<<<<<< 13 2015-05-12 13:25:46,225 ERROR [com.train.auction.dao.impl.mongo.AuctionUserDaoMongo] - Query failed with error code 10057 and error message 'unauthorized db:auction ns:auction.auctionUser lock type:0 client:127.0.0.1' on server localhost:27017; nested exception is com.mongodb.MongoQueryException: Query failed with error code 10057 and error message 'unauthorized db:auction ns:auction.auctionUser lock type:0 client:127.0.0.1' on server localhost:27017
>>>>>>>LOG4J<<<<<<< 0 2015-05-12 17:26:40,763 ERROR [com.train.auction.dao.impl.mongo.AuctionUserDaoMongo] - start to valid user in mongodb
>>>>>>>LOG4J<<<<<<< 0 2015-05-12 17:28:02,776 ERROR [com.train.auction.dao.impl.mongo.AuctionUserDaoMongo] - start to valid user in mongodb
>>>>>>>LOG4J<<<<<<< 6 2015-05-12 17:28:02,782 ERROR [com.train.auction.dao.impl.mongo.AuctionUserDaoMongo] - get valid user:tomcat
>>>>>>>LOG4J<<<<<<< 0 2015-05-12 18:11:53,920 ERROR [com.train.auction.dao.impl.mongo.AuctionUserDaoMongo] - start to valid user in mongodb
>>>>>>>LOG4J<<<<<<< 8 2015-05-12 18:11:53,928 ERROR [com.train.auction.dao.impl.mongo.AuctionUserDaoMongo] - get valid user:tomcat
>>>>>>>LOG4J<<<<<<< 0 2015-05-12 18:12:17,315 ERROR [com.train.auction.dao.impl.mongo.AuctionUserDaoMongo] - start to valid user in mongodb
>>>>>>>LOG4J<<<<<<< 5 2015-05-12 18:12:17,320 ERROR [com.train.auction.dao.impl.mongo.AuctionUserDaoMongo] - get valid user:tomcat
>>>>>>>LOG4J<<<<<<< 0 2015-05-12 18:22:49,037 ERROR [com.train.auction.dao.impl.mongo.AuctionUserDaoMongo] - start to valid user in mongodb
>>>>>>>LOG4J<<<<<<< 6 2015-05-12 18:22:49,043 ERROR [com.train.auction.dao.impl.mongo.AuctionUserDaoMongo] - get valid user:tomcat
>>>>>>>LOG4J<<<<<<< 0 2015-05-12 18:27:37,640 ERROR [com.train.auction.dao.impl.mongo.AuctionUserDaoMongo] - start to valid user in mongodb
>>>>>>>LOG4J<<<<<<< 190 2015-05-12 18:27:37,830 ERROR [com.train.auction.dao.impl.mongo.AuctionUserDaoMongo] - get valid user:tomcat
>>>>>>>LOG4J<<<<<<< 1 2015-05-12 22:23:24,205 ERROR [com.train.auction.dao.impl.mongo.AuctionUserDaoMongo] - start to valid user in mongodb
>>>>>>>LOG4J<<<<<<< 314 2015-05-12 22:23:24,518 ERROR [com.train.auction.dao.impl.mongo.AuctionUserDaoMongo] - Query failed with error code 10057 and error message 'unauthorized db:81788090-26199299_mo_r63u055f ns:81788090-26199299_mo_r63u055f.auctionUser lock type:1 client:127.0.0.1' on server localhost:27017; nested exception is com.mongodb.MongoQueryException: Query failed with error code 10057 and error message 'unauthorized db:81788090-26199299_mo_r63u055f ns:81788090-26199299_mo_r63u055f.auctionUser lock type:1 client:127.0.0.1' on server localhost:27017
>>>>>>>LOG4J<<<<<<< 0 2015-05-12 22:36:31,598 ERROR [com.train.auction.dao.impl.mongo.AuctionUserDaoMongo] - start to valid user in mongodb
>>>>>>>LOG4J<<<<<<< 207 2015-05-12 22:36:31,805 ERROR [com.train.auction.dao.impl.mongo.AuctionUserDaoMongo] - Query failed with error code 10057 and error message 'unauthorized db:auctionuser ns:auctionuser.auctionUser lock type:1 client:127.0.0.1' on server localhost:27017; nested exception is com.mongodb.MongoQueryException: Query failed with error code 10057 and error message 'unauthorized db:auctionuser ns:auctionuser.auctionUser lock type:1 client:127.0.0.1' on server localhost:27017
>>>>>>>LOG4J<<<<<<< 91822 2015-05-12 22:38:03,420 ERROR [com.train.auction.dao.impl.mongo.AuctionUserDaoMongo] - start to valid user in mongodb
>>>>>>>LOG4J<<<<<<< 91827 2015-05-12 22:38:03,425 ERROR [com.train.auction.dao.impl.mongo.AuctionUserDaoMongo] - Query failed with error code 10057 and error message 'unauthorized db:auctionuser ns:auctionuser.auctionUser lock type:0 client:127.0.0.1' on server localhost:27017; nested exception is com.mongodb.MongoQueryException: Query failed with error code 10057 and error message 'unauthorized db:auctionuser ns:auctionuser.auctionUser lock type:0 client:127.0.0.1' on server localhost:27017
>>>>>>>LOG4J<<<<<<< 100197 2015-05-12 22:38:11,795 ERROR [com.train.auction.dao.impl.mongo.AuctionUserDaoMongo] - start to valid user in mongodb
>>>>>>>LOG4J<<<<<<< 100265 2015-05-12 22:38:11,863 ERROR [com.train.auction.dao.impl.mongo.AuctionUserDaoMongo] - Query failed with error code 10057 and error message 'unauthorized db:auctionuser ns:auctionuser.auctionUser lock type:0 client:127.0.0.1' on server localhost:27017; nested exception is com.mongodb.MongoQueryException: Query failed with error code 10057 and error message 'unauthorized db:auctionuser ns:auctionuser.auctionUser lock type:0 client:127.0.0.1' on server localhost:27017
>>>>>>>LOG4J<<<<<<< 0 2015-05-12 22:41:29,348 ERROR [com.train.auction.dao.impl.mongo.AuctionUserDaoMongo] - start to valid user in mongodb
>>>>>>>LOG4J<<<<<<< 113 2015-05-12 22:41:29,461 ERROR [com.train.auction.dao.impl.mongo.AuctionUserDaoMongo] - Failed to authenticate to database [auctionuser], username = [auction], password = [a*****n]
>>>>>>>LOG4J<<<<<<< 0 2015-05-12 22:43:49,954 ERROR [com.train.auction.dao.impl.mongo.AuctionUserDaoMongo] - start to valid user in mongodb
>>>>>>>LOG4J<<<<<<< 122 2015-05-12 22:43:50,076 ERROR [com.train.auction.dao.impl.mongo.AuctionUserDaoMongo] - get valid user:tomcat
>>>>>>>LOG4J<<<<<<< 0 2015-05-12 22:47:36,089 ERROR [com.train.auction.dao.impl.mongo.AuctionUserDaoMongo] - start to valid user in mongodb
>>>>>>>LOG4J<<<<<<< 20 2015-05-12 22:47:36,109 ERROR [com.train.auction.dao.impl.mongo.AuctionUserDaoMongo] - Query failed with error code 10057 and error message 'unauthorized db:auction ns:auction.auctionUser lock type:0 client:127.0.0.1' on server localhost:27017; nested exception is com.mongodb.MongoQueryException: Query failed with error code 10057 and error message 'unauthorized db:auction ns:auction.auctionUser lock type:0 client:127.0.0.1' on server localhost:27017
>>>>>>>LOG4J<<<<<<< 0 2015-05-12 22:49:11,019 ERROR [com.train.auction.dao.impl.mongo.AuctionUserDaoMongo] - start to valid user in mongodb
>>>>>>>LOG4J<<<<<<< 118 2015-05-12 22:49:11,137 ERROR [com.train.auction.dao.impl.mongo.AuctionUserDaoMongo] - get valid user:tomcat
>>>>>>>LOG4J<<<<<<< 0 2015-05-12 23:03:00,770 ERROR [com.train.auction.dao.impl.mongo.AuctionUserDaoMongo] - start to valid user in mongodb
>>>>>>>LOG4J<<<<<<< 11 2015-05-12 23:03:00,781 ERROR [com.train.auction.dao.impl.mongo.AuctionUserDaoMongo] - get valid user:tomcat
>>>>>>>LOG4J<<<<<<< 0 2015-05-12 23:17:34,801 ERROR [com.train.auction.dao.impl.mongo.AuctionUserDaoMongo] - start to valid user in mongodb
>>>>>>>LOG4J<<<<<<< 115 2015-05-12 23:17:34,916 ERROR [com.train.auction.dao.impl.mongo.AuctionUserDaoMongo] - Unable to connect to any servers; nested exception is com.mongodb.MongoServerSelectionException: Unable to connect to any servers
>>>>>>>LOG4J<<<<<<< 0 2015-05-12 23:21:55,162 ERROR [com.train.auction.dao.impl.mongo.AuctionUserDaoMongo] - start to valid user in mongodb
>>>>>>>LOG4J<<<<<<< 89 2015-05-12 23:21:55,251 ERROR [com.train.auction.dao.impl.mongo.AuctionUserDaoMongo] - Unable to connect to any servers; nested exception is com.mongodb.MongoServerSelectionException: Unable to connect to any servers
>>>>>>>LOG4J<<<<<<< 0 2015-05-12 23:23:19,825 ERROR [com.train.auction.dao.impl.mongo.AuctionUserDaoMongo] - start to valid user in mongodb
>>>>>>>LOG4J<<<<<<< 105 2015-05-12 23:23:19,930 ERROR [com.train.auction.dao.impl.mongo.AuctionUserDaoMongo] - get valid user:tomcat
>>>>>>>LOG4J<<<<<<< 0 2015-05-12 23:59:02,406 ERROR [com.train.auction.dao.impl.mongo.AuctionUserDaoMongo] - start to valid user in mongodb
>>>>>>>LOG4J<<<<<<< 107 2015-05-12 23:59:02,513 ERROR [com.train.auction.dao.impl.mongo.AuctionUserDaoMongo] - get valid user:tomcat
>>>>>>>LOG4J<<<<<<< 0 2015-05-13 00:01:03,136 ERROR [com.train.auction.dao.impl.mongo.AuctionUserDaoMongo] - start to valid user in mongodb
>>>>>>>LOG4J<<<<<<< 147 2015-05-13 00:01:03,283 ERROR [com.train.auction.dao.impl.mongo.AuctionUserDaoMongo] - get valid user:tomcat
>>>>>>>LOG4J<<<<<<< 527262 2015-05-13 00:09:50,398 ERROR [com.train.auction.dao.impl.mongo.AuctionUserDaoMongo] - start to valid user in mongodb
>>>>>>>LOG4J<<<<<<< 527269 2015-05-13 00:09:50,405 ERROR [com.train.auction.dao.impl.mongo.AuctionUserDaoMongo] - get valid user:tomcat
>>>>>>>LOG4J<<<<<<< 0 2015-05-13 00:12:07,569 ERROR [com.train.auction.dao.impl.mongo.AuctionUserDaoMongo] - start to valid user in mongodb
>>>>>>>LOG4J<<<<<<< 145 2015-05-13 00:12:07,714 ERROR [com.train.auction.dao.impl.mongo.AuctionUserDaoMongo] - get valid user:tomcat
>>>>>>>LOG4J<<<<<<< 35576 2015-05-13 00:12:43,145 ERROR [com.train.auction.dao.impl.mongo.AuctionUserDaoMongo] - start to valid user in mongodb
>>>>>>>LOG4J<<<<<<< 35581 2015-05-13 00:12:43,150 ERROR [com.train.auction.dao.impl.mongo.AuctionUserDaoMongo] - get valid user:tomcat
>>>>>>>LOG4J<<<<<<< 0 2015-05-13 00:15:59,721 ERROR [com.train.auction.dao.impl.mongo.AuctionUserDaoMongo] - start to valid user in mongodb
>>>>>>>LOG4J<<<<<<< 162 2015-05-13 00:15:59,883 ERROR [com.train.auction.dao.impl.mongo.AuctionUserDaoMongo] - get valid user:tomcat
>>>>>>>LOG4J<<<<<<< 27906 2015-05-13 00:16:27,627 ERROR [com.train.auction.dao.impl.mongo.AuctionUserDaoMongo] - start to valid user in mongodb
>>>>>>>LOG4J<<<<<<< 27912 2015-05-13 00:16:27,633 ERROR [com.train.auction.dao.impl.mongo.AuctionUserDaoMongo] - get valid user:tomcat
>>>>>>>LOG4J<<<<<<< 0 2015-05-13 00:33:22,512 ERROR [com.train.auction.dao.impl.mongo.AuctionUserDaoMongo] - start to valid user in mongodb
>>>>>>>LOG4J<<<<<<< 146 2015-05-13 00:33:22,658 ERROR [com.train.auction.dao.impl.mongo.AuctionUserDaoMongo] - get valid user:tomcat
>>>>>>>LOG4J<<<<<<< 81989 2015-05-13 00:34:44,501 ERROR [com.train.auction.dao.impl.mongo.AuctionUserDaoMongo] - start to valid user in mongodb
>>>>>>>LOG4J<<<<<<< 81999 2015-05-13 00:34:44,511 ERROR [com.train.auction.dao.impl.mongo.AuctionUserDaoMongo] - get valid user:tomcat
>>>>>>>LOG4J<<<<<<< 1733412 2015-05-13 01:02:15,924 ERROR [com.train.auction.dao.impl.mongo.AuctionUserDaoMongo] - start to valid user in mongodb
>>>>>>>LOG4J<<<<<<< 1733419 2015-05-13 01:02:15,931 ERROR [com.train.auction.dao.impl.mongo.AuctionUserDaoMongo] - get valid user:tomcat
>>>>>>>LOG4J<<<<<<< 2067276 2015-05-13 01:07:49,788 ERROR [com.train.auction.dao.impl.mongo.AuctionUserDaoMongo] - start to valid user in mongodb
>>>>>>>LOG4J<<<<<<< 2067284 2015-05-13 01:07:49,796 ERROR [com.train.auction.dao.impl.mongo.AuctionUserDaoMongo] - get valid user:tomcat
>>>>>>>LOG4J<<<<<<< 2730959 2015-05-13 01:18:53,471 ERROR [com.train.auction.dao.impl.mongo.AuctionUserDaoMongo] - start to valid user in mongodb
>>>>>>>LOG4J<<<<<<< 2730986 2015-05-13 01:18:53,498 ERROR [com.train.auction.dao.impl.mongo.AuctionUserDaoMongo] - get valid user:tomcat
>>>>>>>LOG4J<<<<<<< 2773144 2015-05-13 01:19:35,656 ERROR [com.train.auction.dao.impl.mongo.AuctionUserDaoMongo] - start to valid user in mongodb
>>>>>>>LOG4J<<<<<<< 2773166 2015-05-13 01:19:35,678 ERROR [com.train.auction.dao.impl.mongo.AuctionUserDaoMongo] - get valid user:tomcat
>>>>>>>LOG4J<<<<<<< 1 2015-05-13 01:22:12,595 ERROR [com.train.auction.dao.impl.mongo.AuctionUserDaoMongo] - start to valid user in mongodb
>>>>>>>LOG4J<<<<<<< 134 2015-05-13 01:22:12,728 ERROR [com.train.auction.dao.impl.mongo.AuctionUserDaoMongo] - get valid user:tomcat
>>>>>>>LOG4J<<<<<<< 0 2015-05-13 01:26:40,512 ERROR [com.train.auction.dao.impl.mongo.AuctionUserDaoMongo] - start to valid user in mongodb
>>>>>>>LOG4J<<<<<<< 138 2015-05-13 01:26:40,650 ERROR [com.train.auction.dao.impl.mongo.AuctionUserDaoMongo] - get valid user:tomcat
>>>>>>>LOG4J<<<<<<< 0 2015-05-13 01:30:22,420 ERROR [com.train.auction.dao.impl.mongo.AuctionUserDaoMongo] - start to valid user in mongodb
>>>>>>>LOG4J<<<<<<< 127 2015-05-13 01:30:22,547 ERROR [com.train.auction.dao.impl.mongo.AuctionUserDaoMongo] - get valid user:tomcat
>>>>>>>LOG4J<<<<<<< 0 2015-05-13 10:46:12,968 ERROR [com.train.auction.dao.impl.mongo.AuctionUserDaoMongo] - start to valid user in mongodb
>>>>>>>LOG4J<<<<<<< 165 2015-05-13 10:46:13,133 ERROR [com.train.auction.dao.impl.mongo.AuctionUserDaoMongo] - get valid user:tomcat
>>>>>>>LOG4J<<<<<<< 0 2015-05-13 10:54:58,714 ERROR [com.train.auction.dao.impl.mongo.AuctionUserDaoMongo] - start to valid user in mongodb
>>>>>>>LOG4J<<<<<<< 139 2015-05-13 10:54:58,853 ERROR [com.train.auction.dao.impl.mongo.AuctionUserDaoMongo] - get valid user:tomcat
>>>>>>>LOG4J<<<<<<< 1181602 2015-05-13 11:14:40,316 ERROR [com.train.auction.dao.impl.mongo.AuctionUserDaoMongo] - start to valid user in mongodb
>>>>>>>LOG4J<<<<<<< 1181610 2015-05-13 11:14:40,324 ERROR [com.train.auction.dao.impl.mongo.AuctionUserDaoMongo] - get valid user:tomcat
>>>>>>>LOG4J<<<<<<< 1939572 2015-05-13 11:27:18,286 ERROR [com.train.auction.dao.impl.mongo.AuctionUserDaoMongo] - start to valid user in mongodb
>>>>>>>LOG4J<<<<<<< 1939628 2015-05-13 11:27:18,342 ERROR [com.train.auction.dao.impl.mongo.AuctionUserDaoMongo] - get valid user:tomcat
>>>>>>>LOG4J<<<<<<< 2046082 2015-05-13 11:29:04,796 ERROR [com.train.auction.dao.impl.mongo.AuctionUserDaoMongo] - start to valid user in mongodb
>>>>>>>LOG4J<<<<<<< 2046091 2015-05-13 11:29:04,805 ERROR [com.train.auction.dao.impl.mongo.AuctionUserDaoMongo] - get valid user:tomcat
>>>>>>>LOG4J<<<<<<< 2201587 2015-05-13 11:31:40,301 ERROR [com.train.auction.dao.impl.mongo.AuctionUserDaoMongo] - start to valid user in mongodb
>>>>>>>LOG4J<<<<<<< 2201594 2015-05-13 11:31:40,308 ERROR [com.train.auction.dao.impl.mongo.AuctionUserDaoMongo] - get valid user:tomcat
>>>>>>>LOG4J<<<<<<< 4518500 2015-05-13 12:10:17,214 ERROR [com.train.auction.dao.impl.mongo.AuctionUserDaoMongo] - start to valid user in mongodb
>>>>>>>LOG4J<<<<<<< 4518506 2015-05-13 12:10:17,220 ERROR [com.train.auction.dao.impl.mongo.AuctionUserDaoMongo] - get valid user:tomcat
>>>>>>>LOG4J<<<<<<< 0 2015-05-13 12:30:18,274 ERROR [com.train.auction.dao.impl.mongo.AuctionUserDaoMongo] - start to valid user in mongodb
>>>>>>>LOG4J<<<<<<< 256 2015-05-13 12:30:18,530 ERROR [com.train.auction.dao.impl.mongo.AuctionUserDaoMongo] - get valid user:tomcat
>>>>>>>LOG4J<<<<<<< 0 2015-05-13 13:05:43,501 ERROR [com.train.auction.dao.impl.mongo.AuctionUserDaoMongo] - start to valid user in mongodb
>>>>>>>LOG4J<<<<<<< 125 2015-05-13 13:05:43,626 ERROR [com.train.auction.dao.impl.mongo.AuctionUserDaoMongo] - get valid user:tomcat
>>>>>>>LOG4J<<<<<<< 1089495 2015-05-13 13:23:52,996 ERROR [com.train.auction.dao.impl.mongo.AuctionUserDaoMongo] - start to valid user in mongodb
>>>>>>>LOG4J<<<<<<< 1089503 2015-05-13 13:23:53,004 ERROR [com.train.auction.dao.impl.mongo.AuctionUserDaoMongo] - get valid user:tomcat
>>>>>>>LOG4J<<<<<<< 2230903 2015-05-13 13:42:54,404 ERROR [com.train.auction.dao.impl.mongo.AuctionUserDaoMongo] - start to valid user in mongodb
>>>>>>>LOG4J<<<<<<< 2230909 2015-05-13 13:42:54,410 ERROR [com.train.auction.dao.impl.mongo.AuctionUserDaoMongo] - get valid user:tomcat
>>>>>>>LOG4J<<<<<<< 3899879 2015-05-13 14:10:43,380 ERROR [com.train.auction.dao.impl.mongo.AuctionUserDaoMongo] - start to valid user in mongodb
>>>>>>>LOG4J<<<<<<< 3899883 2015-05-13 14:10:43,384 ERROR [com.train.auction.dao.impl.mongo.AuctionUserDaoMongo] - get valid user:tomcat
>>>>>>>LOG4J<<<<<<< 4634040 2015-05-13 14:22:57,541 ERROR [com.train.auction.dao.impl.mongo.AuctionUserDaoMongo] - start to valid user in mongodb
>>>>>>>LOG4J<<<<<<< 4634047 2015-05-13 14:22:57,548 ERROR [com.train.auction.dao.impl.mongo.AuctionUserDaoMongo] - get valid user:tomcat
>>>>>>>LOG4J<<<<<<< 0 2015-05-13 14:30:38,246 ERROR [com.train.auction.dao.impl.mongo.AuctionUserDaoMongo] - start to valid user in mongodb
>>>>>>>LOG4J<<<<<<< 8 2015-05-13 14:30:38,254 ERROR [com.train.auction.dao.impl.mongo.AuctionUserDaoMongo] - get valid user:tomcat
>>>>>>>LOG4J<<<<<<< 0 2015-05-13 15:05:19,231 ERROR [com.train.auction.dao.impl.mongo.AuctionUserDaoMongo] - start to valid user in mongodb
>>>>>>>LOG4J<<<<<<< 7 2015-05-13 15:05:19,238 ERROR [com.train.auction.dao.impl.mongo.AuctionUserDaoMongo] - get valid user:tomcat
>>>>>>>LOG4J<<<<<<< 0 2015-05-13 15:17:22,436 ERROR [com.train.auction.dao.impl.mongo.AuctionUserDaoMongo] - start to valid user in mongodb
>>>>>>>LOG4J<<<<<<< 324 2015-05-13 15:17:22,760 ERROR [com.train.auction.dao.impl.mongo.AuctionUserDaoMongo] - get valid user:tomcat
>>>>>>>LOG4J<<<<<<< 42577 2015-05-13 15:18:05,013 ERROR [com.train.auction.dao.impl.mongo.AuctionUserDaoMongo] - start to valid user in mongodb
>>>>>>>LOG4J<<<<<<< 42586 2015-05-13 15:18:05,022 ERROR [com.train.auction.dao.impl.mongo.AuctionUserDaoMongo] - get valid user:tomcat
>>>>>>>LOG4J<<<<<<< 0 2015-05-13 15:38:22,999 ERROR [com.train.auction.dao.impl.mongo.AuctionUserDaoMongo] - start to valid user in mongodb
>>>>>>>LOG4J<<<<<<< 8 2015-05-13 15:38:23,007 ERROR [com.train.auction.dao.impl.mongo.AuctionUserDaoMongo] - get valid user:tomcat
>>>>>>>LOG4J<<<<<<< 0 2015-05-13 19:57:40,675 ERROR [com.train.auction.dao.impl.mongo.AuctionUserDaoMongo] - start to valid user in mongodb
>>>>>>>LOG4J<<<<<<< 32 2015-05-13 19:57:40,707 ERROR [com.train.auction.dao.impl.mongo.AuctionUserDaoMongo] - get valid user:Ttggg
>>>>>>>LOG4J<<<<<<< 0 2015-05-20 17:46:22,703 ERROR [com.train.auction.dao.impl.mongo.AuctionUserDaoMongo] - start to valid user in mongodb
>>>>>>>LOG4J<<<<<<< 46 2015-05-20 17:46:22,749 ERROR [com.train.auction.dao.impl.mongo.AuctionUserDaoMongo] - Index: 0, Size: 0
>>>>>>>LOG4J<<<<<<< 0 2015-05-20 18:02:56,548 ERROR [com.train.auction.dao.impl.mongo.AuctionUserDaoMongo] - start to valid user in mongodb
>>>>>>>LOG4J<<<<<<< 12 2015-05-20 18:02:56,560 ERROR [com.train.auction.dao.impl.mongo.AuctionUserDaoMongo] - Index: 0, Size: 0
>>>>>>>LOG4J<<<<<<< 0 2015-05-20 18:03:30,167 ERROR [com.train.auction.dao.impl.mongo.AuctionUserDaoMongo] - start to valid user in mongodb
>>>>>>>LOG4J<<<<<<< 13 2015-05-20 18:03:30,180 ERROR [com.train.auction.dao.impl.mongo.AuctionUserDaoMongo] - get valid user:rainbow954
>>>>>>>LOG4J<<<<<<< 0 2015-05-20 18:05:22,983 ERROR [com.train.auction.dao.impl.mongo.AuctionUserDaoMongo] - start to valid user in mongodb
>>>>>>>LOG4J<<<<<<< 8 2015-05-20 18:05:22,991 ERROR [com.train.auction.dao.impl.mongo.AuctionUserDaoMongo] - get valid user:rainbow954
>>>>>>>LOG4J<<<<<<< 0 2015-05-20 18:55:44,273 ERROR [com.train.auction.dao.impl.mongo.AuctionUserDaoMongo] - start to valid user in mongodb
>>>>>>>LOG4J<<<<<<< 13 2015-05-20 18:55:44,286 ERROR [com.train.auction.dao.impl.mongo.AuctionUserDaoMongo] - get valid user:rainbow954
>>>>>>>LOG4J<<<<<<< 0 2015-05-20 19:04:21,226 ERROR [com.train.auction.dao.impl.mongo.AuctionUserDaoMongo] - start to valid user in mongodb
>>>>>>>LOG4J<<<<<<< 7 2015-05-20 19:04:21,233 ERROR [com.train.auction.dao.impl.mongo.AuctionUserDaoMongo] - get valid user:rainbow954
>>>>>>>LOG4J<<<<<<< 1 2015-05-20 19:07:14,713 ERROR [com.train.auction.dao.impl.mongo.AuctionUserDaoMongo] - start to valid user in mongodb
>>>>>>>LOG4J<<<<<<< 8 2015-05-20 19:07:14,720 ERROR [com.train.auction.dao.impl.mongo.AuctionUserDaoMongo] - get valid user:rainbow954
>>>>>>>LOG4J<<<<<<< 1 2015-05-20 19:08:19,216 ERROR [com.train.auction.dao.impl.mongo.AuctionUserDaoMongo] - start to valid user in mongodb
>>>>>>>LOG4J<<<<<<< 9 2015-05-20 19:08:19,224 ERROR [com.train.auction.dao.impl.mongo.AuctionUserDaoMongo] - get valid user:rainbow954
>>>>>>>LOG4J<<<<<<< 0 2015-05-20 19:11:35,180 ERROR [com.train.auction.dao.impl.mongo.AuctionUserDaoMongo] - start to valid user in mongodb
>>>>>>>LOG4J<<<<<<< 7 2015-05-20 19:11:35,187 ERROR [com.train.auction.dao.impl.mongo.AuctionUserDaoMongo] - get valid user:rainbow954
>>>>>>>LOG4J<<<<<<< 0 2015-05-20 19:13:19,983 ERROR [com.train.auction.dao.impl.mongo.AuctionUserDaoMongo] - start to valid user in mongodb
>>>>>>>LOG4J<<<<<<< 10 2015-05-20 19:13:19,993 ERROR [com.train.auction.dao.impl.mongo.AuctionUserDaoMongo] - get valid user:rainbow954
>>>>>>>LOG4J<<<<<<< 0 2015-05-20 19:26:10,196 ERROR [com.train.auction.dao.impl.mongo.AuctionUserDaoMongo] - start to valid user in mongodb
>>>>>>>LOG4J<<<<<<< 9 2015-05-20 19:26:10,205 ERROR [com.train.auction.dao.impl.mongo.AuctionUserDaoMongo] - get valid user:rainbow954
>>>>>>>LOG4J<<<<<<< 0 2015-05-20 19:29:09,002 ERROR [com.train.auction.dao.impl.mongo.AuctionUserDaoMongo] - start to valid user in mongodb
>>>>>>>LOG4J<<<<<<< 7 2015-05-20 19:29:09,009 ERROR [com.train.auction.dao.impl.mongo.AuctionUserDaoMongo] - get valid user:rainbow954
>>>>>>>LOG4J<<<<<<< 0 2015-05-20 19:30:03,898 ERROR [com.train.auction.dao.impl.mongo.AuctionUserDaoMongo] - start to valid user in mongodb
>>>>>>>LOG4J<<<<<<< 8 2015-05-20 19:30:03,906 ERROR [com.train.auction.dao.impl.mongo.AuctionUserDaoMongo] - get valid user:rainbow954
